<?xml version="1.0" encoding="UTF-8"?>
<!-- Generated by org.testng.reporters.JUnitReportReporter -->
<testsuite hostname="users-MBP" failures="0" tests="1" name="Greenmouse.DONandChyke.adminAddAnalysis" time="30.298" errors="0" timestamp="2023-06-26T12:00:25 WAT" skipped="0">
  <testcase classname="Greenmouse.DONandChyke.adminAddAnalysis" name="addAnalysisList" time="30.298"/>
  <system-out/>
</testsuite> <!-- Greenmouse.DONandChyke.adminAddAnalysis -->
