<?xml version="1.0" encoding="UTF-8"?>
<!-- Generated by org.testng.reporters.JUnitReportReporter -->
<testsuite hostname="users-MBP" failures="0" tests="1" name="Greenmouse.DONandChyke.adminAddBerate" time="73.083" errors="0" timestamp="2023-06-26T12:01:56 WAT" skipped="0">
  <testcase classname="Greenmouse.DONandChyke.adminAddBerate" name="addBerateList" time="73.083"/>
  <system-out/>
</testsuite> <!-- Greenmouse.DONandChyke.adminAddBerate -->
